Description: <short summary of the patch>
 TODO: Put a short summary on the line above and replace this paragraph
 with a longer explanation of this change. Complete the meta-information
 with other relevant fields (see below for details). To make it easier, the
 information below has been extracted from the changelog. Adjust it or drop
 it.
 .
 securityonion-bro-scripts (20121004-0ubuntu0securityonion6) precise; urgency=low
 .
   * add sensorname to conn.log
Author: Doug Burks <doug.burks@gmail.com>

---
The information above should follow the Patch Tagging Guidelines, please
checkout http://dep.debian.net/deps/dep3/ to learn about the format. Here
are templates for supplementary fields that you might want to add:

Origin: <vendor|upstream|other>, <url of original patch>
Bug: <url in upstream bugtracker>
Bug-Debian: http://bugs.debian.org/<bugnumber>
Bug-Ubuntu: https://launchpad.net/bugs/<bugnumber>
Forwarded: <no|not-needed|url proving that it has been forwarded>
Reviewed-By: <name and email of someone who approved the patch>
Last-Update: <YYYY-MM-DD>

--- /dev/null
+++ securityonion-bro-scripts-20121004/conn-add-sensorname.bro
@@ -0,0 +1,13 @@
+@load ./hostname
+@load ./interface
+
+redef record Conn::Info += {
+        sensorname: string &log &optional;
+};
+
+event connection_state_remove(c: connection)
+        {
+local sensorname = cat(SecurityOnion::hostname, "-", SecurityOnion::interface);
+                c$conn$sensorname = sensorname;
+        }
+
--- securityonion-bro-scripts-20121004.orig/__load__.bro
+++ securityonion-bro-scripts-20121004/__load__.bro
@@ -4,5 +4,6 @@
 @load ./add-interface-to-logs
 @load ./load-non-default-scripts
 @load ./conn-add-country
+@load ./conn-add-sensorname
 
 @load ./config-bro
